==42147== Memcheck, a memory error detector
==42147== Copyright (C) 2002-2022, and GNU GPL'd, by Julian Seward et al.
==42147== Using Valgrind-3.22.0 and LibVEX; rerun with -h for copyright info
==42147== Command: ./alg3.out
==42147== Parent PID: 19454
==42147== 
==42147== Warning: set address range perms: large range [0x1084ba028, 0x1184ba058) (noaccess)
==42147== Warning: set address range perms: large range [0x1184bb028, 0x1284bb058) (noaccess)
==42147== 
==42147== HEAP SUMMARY:
==42147==     in use at exit: 15,331,900 bytes in 1,368,873 blocks
==42147==   total heap usage: 105,022,253 allocs, 103,653,380 frees, 4,152,900,368 bytes allocated
==42147== 
==42147== 7,154 bytes in 1 blocks are possibly lost in loss record 9 of 11
==42147==    at 0x484ABC0: realloc (vg_replace_malloc.c:1690)
==42147==    by 0x4A5378F: getdelim (iogetdelim.c:107)
==42147==    by 0x10A3CE: main (alg3.c:711)
==42147== 
==42147== 15,307,495 bytes in 1,368,863 blocks are definitely lost in loss record 11 of 11
==42147==    at 0x4843788: malloc (vg_replace_malloc.c:442)
==42147==    by 0x10A90D: k_finger_to_string (alg3.c:198)
==42147==    by 0x10A90D: alg3 (alg3.c:257)
==42147==    by 0x10A90D: main (alg3.c:716)
==42147== 
==42147== LEAK SUMMARY:
==42147==    definitely lost: 15,307,495 bytes in 1,368,863 blocks
==42147==    indirectly lost: 0 bytes in 0 blocks
==42147==      possibly lost: 7,154 bytes in 1 blocks
==42147==    still reachable: 17,251 bytes in 9 blocks
==42147==         suppressed: 0 bytes in 0 blocks
==42147== Reachable blocks (those to which a pointer was found) are not shown.
==42147== To see them, rerun with: --leak-check=full --show-leak-kinds=all
==42147== 
==42147== For lists of detected and suppressed errors, rerun with: -s
==42147== ERROR SUMMARY: 2 errors from 2 contexts (suppressed: 0 from 0)
