==247723== Memcheck, a memory error detector
==247723== Copyright (C) 2002-2022, and GNU GPL'd, by Julian Seward et al.
==247723== Using Valgrind-3.22.0 and LibVEX; rerun with -h for copyright info
==247723== Command: ./minimizer_demo
==247723== Parent PID: 3849
==247723== 
==247723== 
==247723== HEAP SUMMARY:
==247723==     in use at exit: 33,633,039 bytes in 2,095,471 blocks
==247723==   total heap usage: 126,722,913 allocs, 124,627,442 frees, 4,865,213,937 bytes allocated
==247723== 
==247723== 15,344 bytes in 1 blocks are possibly lost in loss record 8 of 10
==247723==    at 0x484ABC0: realloc (in /usr/lib/valgrind/vgpreload_memcheck-amd64-linux.so)
==247723==    by 0x4A5378F: getdelim (iogetdelim.c:107)
==247723==    by 0x10B93B: main (alg3.c:447)
==247723== 
==247723== 33,600,455 bytes in 2,095,462 blocks are definitely lost in loss record 10 of 10
==247723==    at 0x4843788: malloc (in /usr/lib/valgrind/vgpreload_memcheck-amd64-linux.so)
==247723==    by 0x10A655: k_finger_to_string (alg3.c:42)
==247723==    by 0x10A8DE: alg3 (alg3.c:101)
==247723==    by 0x10B87E: main (alg3.c:452)
==247723== 
==247723== LEAK SUMMARY:
==247723==    definitely lost: 33,600,455 bytes in 2,095,462 blocks
==247723==    indirectly lost: 0 bytes in 0 blocks
==247723==      possibly lost: 15,344 bytes in 1 blocks
==247723==    still reachable: 17,240 bytes in 8 blocks
==247723==         suppressed: 0 bytes in 0 blocks
==247723== Reachable blocks (those to which a pointer was found) are not shown.
==247723== To see them, rerun with: --leak-check=full --show-leak-kinds=all
==247723== 
==247723== For lists of detected and suppressed errors, rerun with: -s
==247723== ERROR SUMMARY: 2 errors from 2 contexts (suppressed: 0 from 0)
